usage: train_densify_prune.py [-h] [--sh_degree SH_DEGREE]
                              [--source_path SOURCE_PATH]
                              [--model_path MODEL_PATH] [--images IMAGES]
                              [--resolution RESOLUTION] [--white_background]
                              [--data_device DATA_DEVICE] [--eval]
                              [--iterations ITERATIONS]
                              [--position_lr_init POSITION_LR_INIT]
                              [--position_lr_final POSITION_LR_FINAL]
                              [--position_lr_delay_mult POSITION_LR_DELAY_MULT]
                              [--position_lr_max_steps POSITION_LR_MAX_STEPS]
                              [--feature_lr FEATURE_LR]
                              [--opacity_lr OPACITY_LR]
                              [--scaling_lr SCALING_LR]
                              [--rotation_lr ROTATION_LR]
                              [--percent_dense PERCENT_DENSE]
                              [--lambda_dssim LAMBDA_DSSIM]
                              [--densification_interval DENSIFICATION_INTERVAL]
                              [--opacity_reset_interval OPACITY_RESET_INTERVAL]
                              [--densify_from_iter DENSIFY_FROM_ITER]
                              [--densify_until_iter DENSIFY_UNTIL_ITER]
                              [--densify_grad_threshold DENSIFY_GRAD_THRESHOLD]
                              [--convert_SHs_python] [--compute_cov3D_python]
                              [--debug] [--ip IP] [--port PORT]
                              [--debug_from DEBUG_FROM] [--detect_anomaly]
                              [--test_iterations TEST_ITERATIONS [TEST_ITERATIONS ...]]
                              [--save_iterations SAVE_ITERATIONS [SAVE_ITERATIONS ...]]
                              [--quiet]
                              [--checkpoint_iterations CHECKPOINT_ITERATIONS [CHECKPOINT_ITERATIONS ...]]
                              [--start_checkpoint START_CHECKPOINT]
                              [--prune_iterations PRUNE_ITERATIONS [PRUNE_ITERATIONS ...]]
                              [--prune_percent PRUNE_PERCENT] [--v_pow V_POW]
                              [--prune_decay PRUNE_DECAY]
train_densify_prune.py: error: unrecognized arguments:  
usage: train_densify_prune.py [-h] [--sh_degree SH_DEGREE]
                              [--source_path SOURCE_PATH]
                              [--model_path MODEL_PATH] [--images IMAGES]
                              [--resolution RESOLUTION] [--white_background]
                              [--data_device DATA_DEVICE] [--eval]
                              [--iterations ITERATIONS]
                              [--position_lr_init POSITION_LR_INIT]
                              [--position_lr_final POSITION_LR_FINAL]
                              [--position_lr_delay_mult POSITION_LR_DELAY_MULT]
                              [--position_lr_max_steps POSITION_LR_MAX_STEPS]
                              [--feature_lr FEATURE_LR]
                              [--opacity_lr OPACITY_LR]
                              [--scaling_lr SCALING_LR]
                              [--rotation_lr ROTATION_LR]
                              [--percent_dense PERCENT_DENSE]
                              [--lambda_dssim LAMBDA_DSSIM]
                              [--densification_interval DENSIFICATION_INTERVAL]
                              [--opacity_reset_interval OPACITY_RESET_INTERVAL]
                              [--densify_from_iter DENSIFY_FROM_ITER]
                              [--densify_until_iter DENSIFY_UNTIL_ITER]
                              [--densify_grad_threshold DENSIFY_GRAD_THRESHOLD]
                              [--convert_SHs_python] [--compute_cov3D_python]
                              [--debug] [--ip IP] [--port PORT]
                              [--debug_from DEBUG_FROM] [--detect_anomaly]
                              [--test_iterations TEST_ITERATIONS [TEST_ITERATIONS ...]]
                              [--save_iterations SAVE_ITERATIONS [SAVE_ITERATIONS ...]]
                              [--quiet]
                              [--checkpoint_iterations CHECKPOINT_ITERATIONS [CHECKPOINT_ITERATIONS ...]]
                              [--start_checkpoint START_CHECKPOINT]
                              [--prune_iterations PRUNE_ITERATIONS [PRUNE_ITERATIONS ...]]
                              [--prune_percent PRUNE_PERCENT] [--v_pow V_POW]
                              [--prune_decay PRUNE_DECAY]
train_densify_prune.py: error: unrecognized arguments:  
